2024-11-11 15:16:47,569 - WARNING -  * Debugger is active!
2024-11-11 15:16:47,569 - INFO -  * Debugger PIN: 338-091-661
2024-11-11 15:16:49,914 - INFO - 127.0.0.1 - - [11/Nov/2024 15:16:49] "GET /designer HTTP/1.1" 200 -
2024-11-11 15:16:50,871 - INFO - 127.0.0.1 - - [11/Nov/2024 15:16:50] "[36mGET /static/css/designer_styles.css HTTP/1.1[0m" 304 -
2024-11-11 15:16:50,903 - INFO - 127.0.0.1 - - [11/Nov/2024 15:16:50] "[36mGET /static/css/navbar.css HTTP/1.1[0m" 304 -
2024-11-11 15:16:50,934 - INFO - 127.0.0.1 - - [11/Nov/2024 15:16:50] "[36mGET /static/css/styles.css HTTP/1.1[0m" 304 -
2024-11-11 15:16:50,965 - INFO - 127.0.0.1 - - [11/Nov/2024 15:16:50] "[36mGET /static/js/config.js HTTP/1.1[0m" 304 -
2024-11-11 15:16:50,981 - INFO - 127.0.0.1 - - [11/Nov/2024 15:16:50] "[36mGET /static/js/designer.js HTTP/1.1[0m" 304 -
2024-11-11 15:16:50,981 - INFO - 127.0.0.1 - - [11/Nov/2024 15:16:50] "[36mGET /static/js/bootstrap.bundle.min.js HTTP/1.1[0m" 304 -
2024-11-11 15:16:51,013 - INFO - 127.0.0.1 - - [11/Nov/2024 15:16:51] "[36mGET /static/images/CakeSiteLogo.svg HTTP/1.1[0m" 304 -
2024-11-11 15:16:51,013 - INFO - 127.0.0.1 - - [11/Nov/2024 15:16:51] "[36mGET /static/images/home/Imwatchingyou_edit.png HTTP/1.1[0m" 304 -
2024-11-11 15:16:51,013 - INFO - 127.0.0.1 - - [11/Nov/2024 15:16:51] "[36mGET /static/images/precheck.svg HTTP/1.1[0m" 304 -
2024-11-11 15:16:51,022 - INFO - 127.0.0.1 - - [11/Nov/2024 15:16:51] "[36mGET /static/images/designer.svg HTTP/1.1[0m" 304 -
2024-11-11 15:16:51,025 - INFO - 127.0.0.1 - - [11/Nov/2024 15:16:51] "[36mGET /static/images/template.svg HTTP/1.1[0m" 304 -
2024-11-11 15:16:51,026 - INFO - 127.0.0.1 - - [11/Nov/2024 15:16:51] "[36mGET /static/images/scanIn.svg HTTP/1.1[0m" 304 -
2024-11-11 15:16:51,028 - INFO - 127.0.0.1 - - [11/Nov/2024 15:16:51] "[36mGET /static/images/printstation.svg HTTP/1.1[0m" 304 -
2024-11-11 15:16:51,030 - INFO - 127.0.0.1 - - [11/Nov/2024 15:16:51] "[36mGET /static/images/scanOut.svg HTTP/1.1[0m" 304 -
2024-11-11 15:16:51,031 - INFO - 127.0.0.1 - - [11/Nov/2024 15:16:51] "[36mGET /static/images/redo.svg HTTP/1.1[0m" 304 -
2024-11-11 15:16:51,033 - INFO - 127.0.0.1 - - [11/Nov/2024 15:16:51] "[36mGET /static/images/cubbyhole.svg HTTP/1.1[0m" 304 -
2024-11-11 15:16:51,034 - INFO - 127.0.0.1 - - [11/Nov/2024 15:16:51] "[36mGET /static/images/shipping.svg HTTP/1.1[0m" 304 -
2024-11-11 15:16:51,036 - INFO - 127.0.0.1 - - [11/Nov/2024 15:16:51] "[36mGET /static/images/tally.svg HTTP/1.1[0m" 304 -
2024-11-11 15:16:51,038 - INFO - 127.0.0.1 - - [11/Nov/2024 15:16:51] "[36mGET /static/images/expedited_order.svg HTTP/1.1[0m" 304 -
2024-11-11 15:16:51,039 - INFO - 127.0.0.1 - - [11/Nov/2024 15:16:51] "[36mGET /static/images/multi_line.svg HTTP/1.1[0m" 304 -
2024-11-11 15:16:51,041 - INFO - 127.0.0.1 - - [11/Nov/2024 15:16:51] "[36mGET /static/images/multi_order.svg HTTP/1.1[0m" 304 -
2024-11-11 15:16:51,042 - INFO - 127.0.0.1 - - [11/Nov/2024 15:16:51] "[36mGET /static/images/duplacate_order.svg HTTP/1.1[0m" 304 -
2024-11-11 15:16:51,044 - INFO - 127.0.0.1 - - [11/Nov/2024 15:16:51] "[36mGET /static/images/precheck_green.svg HTTP/1.1[0m" 304 -
2024-11-11 15:16:51,045 - INFO - 127.0.0.1 - - [11/Nov/2024 15:16:51] "[36mGET /static/images/template_green.svg HTTP/1.1[0m" 304 -
2024-11-11 15:16:51,087 - INFO - 127.0.0.1 - - [11/Nov/2024 15:16:51] "[36mGET /static/images/Banner-02.png HTTP/1.1[0m" 304 -
2024-11-11 15:18:09,655 - INFO - 127.0.0.1 - - [11/Nov/2024 15:18:09] "GET /designer HTTP/1.1" 200 -
2024-11-11 15:18:09,702 - INFO - 127.0.0.1 - - [11/Nov/2024 15:18:09] "[36mGET /static/css/designer_styles.css HTTP/1.1[0m" 304 -
2024-11-11 15:18:09,702 - INFO - 127.0.0.1 - - [11/Nov/2024 15:18:09] "[36mGET /static/css/navbar.css HTTP/1.1[0m" 304 -
2024-11-11 15:18:09,718 - INFO - 127.0.0.1 - - [11/Nov/2024 15:18:09] "[36mGET /static/css/styles.css HTTP/1.1[0m" 304 -
2024-11-11 15:18:09,718 - INFO - 127.0.0.1 - - [11/Nov/2024 15:18:09] "[36mGET /static/js/config.js HTTP/1.1[0m" 304 -
2024-11-11 15:18:09,718 - INFO - 127.0.0.1 - - [11/Nov/2024 15:18:09] "[36mGET /static/js/designer.js HTTP/1.1[0m" 304 -
2024-11-11 15:18:09,718 - INFO - 127.0.0.1 - - [11/Nov/2024 15:18:09] "[36mGET /static/js/bootstrap.bundle.min.js HTTP/1.1[0m" 304 -
2024-11-11 15:18:09,859 - INFO - 127.0.0.1 - - [11/Nov/2024 15:18:09] "[36mGET /static/images/CakeSiteLogo.svg HTTP/1.1[0m" 304 -
2024-11-11 15:18:09,859 - INFO - 127.0.0.1 - - [11/Nov/2024 15:18:09] "[36mGET /static/images/home/Imwatchingyou_edit.png HTTP/1.1[0m" 304 -
2024-11-11 15:18:09,859 - INFO - 127.0.0.1 - - [11/Nov/2024 15:18:09] "[36mGET /static/images/precheck.svg HTTP/1.1[0m" 304 -
2024-11-11 15:18:09,874 - INFO - 127.0.0.1 - - [11/Nov/2024 15:18:09] "[36mGET /static/images/designer.svg HTTP/1.1[0m" 304 -
2024-11-11 15:18:09,880 - INFO - 127.0.0.1 - - [11/Nov/2024 15:18:09] "[36mGET /static/images/template.svg HTTP/1.1[0m" 304 -
2024-11-11 15:18:09,882 - INFO - 127.0.0.1 - - [11/Nov/2024 15:18:09] "[36mGET /static/images/scanIn.svg HTTP/1.1[0m" 304 -
2024-11-11 15:18:09,885 - INFO - 127.0.0.1 - - [11/Nov/2024 15:18:09] "[36mGET /static/images/printstation.svg HTTP/1.1[0m" 304 -
2024-11-11 15:18:09,885 - INFO - 127.0.0.1 - - [11/Nov/2024 15:18:09] "[36mGET /static/images/scanOut.svg HTTP/1.1[0m" 304 -
2024-11-11 15:18:09,885 - INFO - 127.0.0.1 - - [11/Nov/2024 15:18:09] "[36mGET /static/images/redo.svg HTTP/1.1[0m" 304 -
2024-11-11 15:18:09,886 - INFO - 127.0.0.1 - - [11/Nov/2024 15:18:09] "[36mGET /static/images/cubbyhole.svg HTTP/1.1[0m" 304 -
2024-11-11 15:18:09,890 - INFO - 127.0.0.1 - - [11/Nov/2024 15:18:09] "[36mGET /static/images/shipping.svg HTTP/1.1[0m" 304 -
2024-11-11 15:18:09,894 - INFO - 127.0.0.1 - - [11/Nov/2024 15:18:09] "[36mGET /static/images/tally.svg HTTP/1.1[0m" 304 -
2024-11-11 15:18:09,894 - INFO - 127.0.0.1 - - [11/Nov/2024 15:18:09] "[36mGET /static/images/expedited_order.svg HTTP/1.1[0m" 304 -
2024-11-11 15:18:09,897 - INFO - 127.0.0.1 - - [11/Nov/2024 15:18:09] "[36mGET /static/images/multi_line.svg HTTP/1.1[0m" 304 -
2024-11-11 15:18:09,898 - INFO - 127.0.0.1 - - [11/Nov/2024 15:18:09] "[36mGET /static/images/multi_order.svg HTTP/1.1[0m" 304 -
2024-11-11 15:18:09,899 - INFO - 127.0.0.1 - - [11/Nov/2024 15:18:09] "[36mGET /static/images/duplacate_order.svg HTTP/1.1[0m" 304 -
2024-11-11 15:18:09,902 - INFO - 127.0.0.1 - - [11/Nov/2024 15:18:09] "[36mGET /static/images/precheck_green.svg HTTP/1.1[0m" 304 -
2024-11-11 15:18:09,903 - INFO - 127.0.0.1 - - [11/Nov/2024 15:18:09] "[36mGET /static/images/template_green.svg HTTP/1.1[0m" 304 -
2024-11-11 15:18:09,903 - INFO - 127.0.0.1 - - [11/Nov/2024 15:18:09] "[36mGET /static/images/Banner-02.png HTTP/1.1[0m" 304 -
2024-11-11 15:18:13,768 - DEBUG - Processing row index: 0
2024-11-11 15:18:13,781 - DEBUG - STREAM b'IHDR' 16 13
2024-11-11 15:18:13,781 - DEBUG - STREAM b'pHYs' 41 9
2024-11-11 15:18:13,781 - DEBUG - STREAM b'tEXt' 62 25
2024-11-11 15:18:13,781 - DEBUG - STREAM b'IDAT' 99 8192
2024-11-11 15:18:15,355 - DEBUG - STREAM b'IHDR' 16 13
2024-11-11 15:18:15,355 - DEBUG - STREAM b'cHRM' 41 32
2024-11-11 15:18:15,355 - DEBUG - STREAM b'bKGD' 85 2
2024-11-11 15:18:15,355 - DEBUG - b'bKGD' 85 2 (unknown)
2024-11-11 15:18:15,355 - DEBUG - STREAM b'pHYs' 99 9
2024-11-11 15:18:15,355 - DEBUG - STREAM b'tIME' 120 7
2024-11-11 15:18:15,355 - DEBUG - b'tIME' 120 7 (unknown)
2024-11-11 15:18:15,355 - DEBUG - STREAM b'IDAT' 139 32768
2024-11-11 15:18:15,402 - DEBUG - STREAM b'tEXt' 93072 37
2024-11-11 15:18:15,402 - DEBUG - STREAM b'tEXt' 93121 37
2024-11-11 15:18:15,402 - DEBUG - STREAM b'tEXt' 93170 40
2024-11-11 15:18:15,779 - DEBUG - STREAM b'IHDR' 16 13
2024-11-11 15:18:15,779 - DEBUG - STREAM b'IDAT' 41 65536
2024-11-11 15:18:16,249 - DEBUG - Error closing: 'Image' object has no attribute 'fp'
2024-11-11 15:18:17,022 - DEBUG - Completed processing row index: 0
2024-11-11 15:18:17,027 - DEBUG - Processing row index: 1
2024-11-11 15:18:17,033 - DEBUG - STREAM b'IHDR' 16 13
2024-11-11 15:18:17,033 - DEBUG - STREAM b'pHYs' 41 9
2024-11-11 15:18:17,034 - DEBUG - STREAM b'tEXt' 62 25
2024-11-11 15:18:17,034 - DEBUG - STREAM b'IDAT' 99 8192
2024-11-11 15:18:18,573 - DEBUG - STREAM b'IHDR' 16 13
2024-11-11 15:18:18,573 - DEBUG - STREAM b'cHRM' 41 32
2024-11-11 15:18:18,573 - DEBUG - STREAM b'bKGD' 85 2
2024-11-11 15:18:18,573 - DEBUG - b'bKGD' 85 2 (unknown)
2024-11-11 15:18:18,573 - DEBUG - STREAM b'pHYs' 99 9
2024-11-11 15:18:18,573 - DEBUG - STREAM b'tIME' 120 7
2024-11-11 15:18:18,573 - DEBUG - b'tIME' 120 7 (unknown)
2024-11-11 15:18:18,573 - DEBUG - STREAM b'IDAT' 139 32768
2024-11-11 15:18:18,620 - DEBUG - STREAM b'tEXt' 105676 37
2024-11-11 15:18:18,620 - DEBUG - STREAM b'tEXt' 105725 37
2024-11-11 15:18:18,620 - DEBUG - STREAM b'tEXt' 105774 40
2024-11-11 15:18:19,012 - DEBUG - STREAM b'IHDR' 16 13
2024-11-11 15:18:19,012 - DEBUG - STREAM b'IDAT' 41 65536
2024-11-11 15:18:19,499 - DEBUG - Error closing: 'Image' object has no attribute 'fp'
2024-11-11 15:18:19,764 - DEBUG - Completed processing row index: 1
2024-11-11 15:18:19,764 - DEBUG - Processing row index: 2
2024-11-11 15:18:19,764 - DEBUG - STREAM b'IHDR' 16 13
2024-11-11 15:18:19,764 - DEBUG - STREAM b'pHYs' 41 9
2024-11-11 15:18:19,764 - DEBUG - STREAM b'tEXt' 62 25
2024-11-11 15:18:19,764 - DEBUG - STREAM b'IDAT' 99 8192
2024-11-11 15:18:21,196 - DEBUG - STREAM b'IHDR' 16 13
2024-11-11 15:18:21,196 - DEBUG - STREAM b'cHRM' 41 32
2024-11-11 15:18:21,196 - DEBUG - STREAM b'bKGD' 85 2
2024-11-11 15:18:21,196 - DEBUG - b'bKGD' 85 2 (unknown)
2024-11-11 15:18:21,196 - DEBUG - STREAM b'pHYs' 99 9
2024-11-11 15:18:21,196 - DEBUG - STREAM b'tIME' 120 7
2024-11-11 15:18:21,196 - DEBUG - b'tIME' 120 7 (unknown)
2024-11-11 15:18:21,196 - DEBUG - STREAM b'IDAT' 139 32768
2024-11-11 15:18:21,243 - DEBUG - STREAM b'tEXt' 57745 37
2024-11-11 15:18:21,243 - DEBUG - STREAM b'tEXt' 57794 37
2024-11-11 15:18:21,243 - DEBUG - STREAM b'tEXt' 57843 40
2024-11-11 15:18:21,589 - DEBUG - STREAM b'IHDR' 16 13
2024-11-11 15:18:21,589 - DEBUG - STREAM b'IDAT' 41 65536
2024-11-11 15:18:22,012 - DEBUG - Error closing: 'Image' object has no attribute 'fp'
2024-11-11 15:18:22,304 - DEBUG - Completed processing row index: 2
2024-11-11 15:18:22,310 - DEBUG - Processing row index: 3
2024-11-11 15:18:22,318 - DEBUG - STREAM b'IHDR' 16 13
2024-11-11 15:18:22,318 - DEBUG - STREAM b'pHYs' 41 9
2024-11-11 15:18:22,318 - DEBUG - STREAM b'tEXt' 62 25
2024-11-11 15:18:22,318 - DEBUG - STREAM b'IDAT' 99 8192
2024-11-11 15:18:23,810 - DEBUG - STREAM b'IHDR' 16 13
2024-11-11 15:18:23,810 - DEBUG - STREAM b'cHRM' 41 32
2024-11-11 15:18:23,810 - DEBUG - STREAM b'bKGD' 85 2
2024-11-11 15:18:23,810 - DEBUG - b'bKGD' 85 2 (unknown)
2024-11-11 15:18:23,810 - DEBUG - STREAM b'pHYs' 99 9
2024-11-11 15:18:23,810 - DEBUG - STREAM b'tIME' 120 7
2024-11-11 15:18:23,810 - DEBUG - b'tIME' 120 7 (unknown)
2024-11-11 15:18:23,810 - DEBUG - STREAM b'IDAT' 139 32768
2024-11-11 15:18:23,870 - DEBUG - STREAM b'tEXt' 78911 37
2024-11-11 15:18:23,870 - DEBUG - STREAM b'tEXt' 78960 37
2024-11-11 15:18:23,870 - DEBUG - STREAM b'tEXt' 79009 40
2024-11-11 15:18:24,219 - DEBUG - STREAM b'IHDR' 16 13
2024-11-11 15:18:24,219 - DEBUG - STREAM b'IDAT' 41 65536
2024-11-11 15:18:24,674 - DEBUG - Error closing: 'Image' object has no attribute 'fp'
2024-11-11 15:18:24,934 - DEBUG - Completed processing row index: 3
2024-11-11 15:18:24,937 - DEBUG - Processing row index: 4
2024-11-11 15:18:24,941 - DEBUG - STREAM b'IHDR' 16 13
2024-11-11 15:18:24,942 - DEBUG - STREAM b'pHYs' 41 9
2024-11-11 15:18:24,942 - DEBUG - STREAM b'tEXt' 62 25
2024-11-11 15:18:24,942 - DEBUG - STREAM b'IDAT' 99 8192
2024-11-11 15:18:26,334 - DEBUG - STREAM b'IHDR' 16 13
2024-11-11 15:18:26,334 - DEBUG - STREAM b'cHRM' 41 32
2024-11-11 15:18:26,334 - DEBUG - STREAM b'bKGD' 85 2
2024-11-11 15:18:26,334 - DEBUG - b'bKGD' 85 2 (unknown)
2024-11-11 15:18:26,334 - DEBUG - STREAM b'pHYs' 99 9
2024-11-11 15:18:26,334 - DEBUG - STREAM b'tIME' 120 7
2024-11-11 15:18:26,334 - DEBUG - b'tIME' 120 7 (unknown)
2024-11-11 15:18:26,334 - DEBUG - STREAM b'IDAT' 139 32768
2024-11-11 15:18:26,398 - DEBUG - STREAM b'tEXt' 58927 37
2024-11-11 15:18:26,398 - DEBUG - STREAM b'tEXt' 58976 37
2024-11-11 15:18:26,398 - DEBUG - STREAM b'tEXt' 59025 40
2024-11-11 15:18:26,743 - DEBUG - STREAM b'IHDR' 16 13
2024-11-11 15:18:26,743 - DEBUG - STREAM b'IDAT' 41 65536
2024-11-11 15:18:27,182 - DEBUG - Error closing: 'Image' object has no attribute 'fp'
2024-11-11 15:18:27,460 - DEBUG - Completed processing row index: 4
2024-11-11 15:18:27,463 - DEBUG - Processing row index: 5
2024-11-11 15:18:27,467 - DEBUG - STREAM b'IHDR' 16 13
2024-11-11 15:18:27,467 - DEBUG - STREAM b'pHYs' 41 9
2024-11-11 15:18:27,467 - DEBUG - STREAM b'tEXt' 62 25
2024-11-11 15:18:27,467 - DEBUG - STREAM b'IDAT' 99 8192
2024-11-11 15:18:28,887 - DEBUG - STREAM b'IHDR' 16 13
2024-11-11 15:18:28,887 - DEBUG - STREAM b'cHRM' 41 32
2024-11-11 15:18:28,887 - DEBUG - STREAM b'bKGD' 85 2
2024-11-11 15:18:28,887 - DEBUG - b'bKGD' 85 2 (unknown)
2024-11-11 15:18:28,887 - DEBUG - STREAM b'pHYs' 99 9
2024-11-11 15:18:28,887 - DEBUG - STREAM b'tIME' 120 7
2024-11-11 15:18:28,887 - DEBUG - b'tIME' 120 7 (unknown)
2024-11-11 15:18:28,887 - DEBUG - STREAM b'IDAT' 139 32768
2024-11-11 15:18:28,934 - DEBUG - STREAM b'tEXt' 60527 37
2024-11-11 15:18:28,934 - DEBUG - STREAM b'tEXt' 60576 37
2024-11-11 15:18:28,934 - DEBUG - STREAM b'tEXt' 60625 40
2024-11-11 15:18:29,295 - DEBUG - STREAM b'IHDR' 16 13
2024-11-11 15:18:29,295 - DEBUG - STREAM b'IDAT' 41 65536
2024-11-11 15:18:29,720 - DEBUG - Error closing: 'Image' object has no attribute 'fp'
2024-11-11 15:18:30,016 - DEBUG - Completed processing row index: 5
2024-11-11 15:18:30,020 - DEBUG - Processing row index: 6
2024-11-11 15:18:30,023 - DEBUG - STREAM b'IHDR' 16 13
2024-11-11 15:18:30,023 - DEBUG - STREAM b'pHYs' 41 9
2024-11-11 15:18:30,023 - DEBUG - STREAM b'tEXt' 62 25
2024-11-11 15:18:30,024 - DEBUG - STREAM b'IDAT' 99 8192
2024-11-11 15:18:31,454 - DEBUG - STREAM b'IHDR' 16 13
2024-11-11 15:18:31,454 - DEBUG - STREAM b'cHRM' 41 32
2024-11-11 15:18:31,454 - DEBUG - STREAM b'bKGD' 85 2
2024-11-11 15:18:31,454 - DEBUG - b'bKGD' 85 2 (unknown)
2024-11-11 15:18:31,454 - DEBUG - STREAM b'pHYs' 99 9
2024-11-11 15:18:31,454 - DEBUG - STREAM b'tIME' 120 7
2024-11-11 15:18:31,454 - DEBUG - b'tIME' 120 7 (unknown)
2024-11-11 15:18:31,454 - DEBUG - STREAM b'IDAT' 139 32768
2024-11-11 15:18:31,501 - DEBUG - STREAM b'tEXt' 72398 37
2024-11-11 15:18:31,501 - DEBUG - STREAM b'tEXt' 72447 37
2024-11-11 15:18:31,501 - DEBUG - STREAM b'tEXt' 72496 40
2024-11-11 15:18:31,846 - DEBUG - STREAM b'IHDR' 16 13
2024-11-11 15:18:31,846 - DEBUG - STREAM b'IDAT' 41 65536
2024-11-11 15:18:32,286 - DEBUG - Error closing: 'Image' object has no attribute 'fp'
2024-11-11 15:18:32,543 - DEBUG - Completed processing row index: 6
2024-11-11 15:18:32,547 - DEBUG - Processing row index: 8
2024-11-11 15:18:32,550 - DEBUG - STREAM b'IHDR' 16 13
2024-11-11 15:18:32,550 - DEBUG - STREAM b'pHYs' 41 9
2024-11-11 15:18:32,550 - DEBUG - STREAM b'tEXt' 62 25
2024-11-11 15:18:32,550 - DEBUG - STREAM b'IDAT' 99 8192
2024-11-11 15:18:34,038 - DEBUG - STREAM b'IHDR' 16 13
2024-11-11 15:18:34,038 - DEBUG - STREAM b'cHRM' 41 32
2024-11-11 15:18:34,038 - DEBUG - STREAM b'bKGD' 85 2
2024-11-11 15:18:34,038 - DEBUG - b'bKGD' 85 2 (unknown)
2024-11-11 15:18:34,038 - DEBUG - STREAM b'pHYs' 99 9
2024-11-11 15:18:34,038 - DEBUG - STREAM b'tIME' 120 7
2024-11-11 15:18:34,038 - DEBUG - b'tIME' 120 7 (unknown)
2024-11-11 15:18:34,038 - DEBUG - STREAM b'IDAT' 139 32768
2024-11-11 15:18:34,085 - DEBUG - STREAM b'tEXt' 76652 37
2024-11-11 15:18:34,085 - DEBUG - STREAM b'tEXt' 76701 37
2024-11-11 15:18:34,085 - DEBUG - STREAM b'tEXt' 76750 40
2024-11-11 15:18:34,462 - DEBUG - STREAM b'IHDR' 16 13
2024-11-11 15:18:34,462 - DEBUG - STREAM b'IDAT' 41 65536
2024-11-11 15:18:34,902 - DEBUG - Error closing: 'Image' object has no attribute 'fp'
2024-11-11 15:18:35,158 - DEBUG - Completed processing row index: 8
2024-11-11 15:18:35,161 - DEBUG - Processing row index: 9
2024-11-11 15:18:35,166 - DEBUG - STREAM b'IHDR' 16 13
2024-11-11 15:18:35,166 - DEBUG - STREAM b'pHYs' 41 9
2024-11-11 15:18:35,166 - DEBUG - STREAM b'tEXt' 62 25
2024-11-11 15:18:35,166 - DEBUG - STREAM b'IDAT' 99 8192
2024-11-11 15:18:36,689 - DEBUG - STREAM b'IHDR' 16 13
2024-11-11 15:18:36,689 - DEBUG - STREAM b'cHRM' 41 32
2024-11-11 15:18:36,689 - DEBUG - STREAM b'bKGD' 85 2
2024-11-11 15:18:36,689 - DEBUG - b'bKGD' 85 2 (unknown)
2024-11-11 15:18:36,689 - DEBUG - STREAM b'pHYs' 99 9
2024-11-11 15:18:36,689 - DEBUG - STREAM b'tIME' 120 7
2024-11-11 15:18:36,689 - DEBUG - b'tIME' 120 7 (unknown)
2024-11-11 15:18:36,689 - DEBUG - STREAM b'IDAT' 139 32768
2024-11-11 15:18:36,735 - DEBUG - STREAM b'tEXt' 91622 37
2024-11-11 15:18:36,735 - DEBUG - STREAM b'tEXt' 91671 37
2024-11-11 15:18:36,735 - DEBUG - STREAM b'tEXt' 91720 40
2024-11-11 15:18:37,143 - DEBUG - STREAM b'IHDR' 16 13
2024-11-11 15:18:37,143 - DEBUG - STREAM b'IDAT' 41 65536
2024-11-11 15:18:37,598 - DEBUG - Error closing: 'Image' object has no attribute 'fp'
2024-11-11 15:18:37,871 - DEBUG - Completed processing row index: 9
2024-11-11 15:18:37,877 - DEBUG - Processing row index: 10
2024-11-11 15:18:37,882 - DEBUG - STREAM b'IHDR' 16 13
2024-11-11 15:18:37,882 - DEBUG - STREAM b'pHYs' 41 9
2024-11-11 15:18:37,882 - DEBUG - STREAM b'tEXt' 62 25
2024-11-11 15:18:37,882 - DEBUG - STREAM b'IDAT' 99 8192
2024-11-11 15:18:39,455 - DEBUG - STREAM b'IHDR' 16 13
2024-11-11 15:18:39,455 - DEBUG - STREAM b'cHRM' 41 32
2024-11-11 15:18:39,455 - DEBUG - STREAM b'bKGD' 85 2
2024-11-11 15:18:39,455 - DEBUG - b'bKGD' 85 2 (unknown)
2024-11-11 15:18:39,455 - DEBUG - STREAM b'pHYs' 99 9
2024-11-11 15:18:39,455 - DEBUG - STREAM b'tIME' 120 7
2024-11-11 15:18:39,455 - DEBUG - b'tIME' 120 7 (unknown)
2024-11-11 15:18:39,455 - DEBUG - STREAM b'IDAT' 139 32768
2024-11-11 15:18:39,518 - DEBUG - STREAM b'tEXt' 110531 37
2024-11-11 15:18:39,518 - DEBUG - STREAM b'tEXt' 110580 37
2024-11-11 15:18:39,518 - DEBUG - STREAM b'tEXt' 110629 40
2024-11-11 15:18:39,911 - DEBUG - STREAM b'IHDR' 16 13
2024-11-11 15:18:39,911 - DEBUG - STREAM b'IDAT' 41 65536
2024-11-11 15:18:40,397 - DEBUG - Error closing: 'Image' object has no attribute 'fp'
2024-11-11 15:18:40,655 - DEBUG - Completed processing row index: 10
2024-11-11 15:18:40,662 - DEBUG - Processing row index: 11
2024-11-11 15:18:40,668 - DEBUG - STREAM b'IHDR' 16 13
2024-11-11 15:18:40,668 - DEBUG - STREAM b'pHYs' 41 9
2024-11-11 15:18:40,668 - DEBUG - STREAM b'tEXt' 62 25
2024-11-11 15:18:40,668 - DEBUG - STREAM b'IDAT' 99 8192
2024-11-11 15:18:42,273 - DEBUG - STREAM b'IHDR' 16 13
2024-11-11 15:18:42,273 - DEBUG - STREAM b'cHRM' 41 32
2024-11-11 15:18:42,273 - DEBUG - STREAM b'bKGD' 85 2
2024-11-11 15:18:42,273 - DEBUG - b'bKGD' 85 2 (unknown)
2024-11-11 15:18:42,273 - DEBUG - STREAM b'pHYs' 99 9
2024-11-11 15:18:42,273 - DEBUG - STREAM b'tIME' 120 7
2024-11-11 15:18:42,273 - DEBUG - b'tIME' 120 7 (unknown)
2024-11-11 15:18:42,273 - DEBUG - STREAM b'IDAT' 139 32768
2024-11-11 15:18:42,321 - DEBUG - STREAM b'tEXt' 109041 37
2024-11-11 15:18:42,321 - DEBUG - STREAM b'tEXt' 109090 37
2024-11-11 15:18:42,321 - DEBUG - STREAM b'tEXt' 109139 40
2024-11-11 15:18:42,713 - DEBUG - STREAM b'IHDR' 16 13
2024-11-11 15:18:42,713 - DEBUG - STREAM b'IDAT' 41 65536
2024-11-11 15:18:43,168 - DEBUG - Error closing: 'Image' object has no attribute 'fp'
2024-11-11 15:18:43,433 - DEBUG - Completed processing row index: 11
2024-11-11 15:18:43,437 - DEBUG - Processing row index: 12
2024-11-11 15:18:43,438 - DEBUG - STREAM b'IHDR' 16 13
2024-11-11 15:18:43,438 - DEBUG - STREAM b'pHYs' 41 9
2024-11-11 15:18:43,438 - DEBUG - STREAM b'tEXt' 62 25
2024-11-11 15:18:43,438 - DEBUG - STREAM b'IDAT' 99 8192
2024-11-11 15:18:45,010 - DEBUG - STREAM b'IHDR' 16 13
2024-11-11 15:18:45,010 - DEBUG - STREAM b'cHRM' 41 32
2024-11-11 15:18:45,010 - DEBUG - STREAM b'bKGD' 85 2
2024-11-11 15:18:45,010 - DEBUG - b'bKGD' 85 2 (unknown)
2024-11-11 15:18:45,010 - DEBUG - STREAM b'pHYs' 99 9
2024-11-11 15:18:45,010 - DEBUG - STREAM b'tIME' 120 7
2024-11-11 15:18:45,010 - DEBUG - b'tIME' 120 7 (unknown)
2024-11-11 15:18:45,010 - DEBUG - STREAM b'IDAT' 139 32768
2024-11-11 15:18:45,057 - DEBUG - STREAM b'tEXt' 97853 37
2024-11-11 15:18:45,057 - DEBUG - STREAM b'tEXt' 97902 37
2024-11-11 15:18:45,057 - DEBUG - STREAM b'tEXt' 97951 40
2024-11-11 15:18:45,434 - DEBUG - STREAM b'IHDR' 16 13
2024-11-11 15:18:45,434 - DEBUG - STREAM b'IDAT' 41 65536
2024-11-11 15:18:45,889 - DEBUG - Error closing: 'Image' object has no attribute 'fp'
2024-11-11 15:18:46,152 - DEBUG - Completed processing row index: 12
2024-11-11 15:18:46,156 - DEBUG - Processing row index: 13
2024-11-11 15:18:46,163 - DEBUG - STREAM b'IHDR' 16 13
2024-11-11 15:18:46,163 - DEBUG - STREAM b'pHYs' 41 9
2024-11-11 15:18:46,163 - DEBUG - STREAM b'tEXt' 62 25
2024-11-11 15:18:46,163 - DEBUG - STREAM b'IDAT' 99 8192
2024-11-11 15:18:47,684 - DEBUG - STREAM b'IHDR' 16 13
2024-11-11 15:18:47,699 - DEBUG - STREAM b'cHRM' 41 32
2024-11-11 15:18:47,699 - DEBUG - STREAM b'bKGD' 85 2
2024-11-11 15:18:47,699 - DEBUG - b'bKGD' 85 2 (unknown)
2024-11-11 15:18:47,699 - DEBUG - STREAM b'pHYs' 99 9
2024-11-11 15:18:47,699 - DEBUG - STREAM b'tIME' 120 7
2024-11-11 15:18:47,699 - DEBUG - b'tIME' 120 7 (unknown)
2024-11-11 15:18:47,699 - DEBUG - STREAM b'IDAT' 139 32768
2024-11-11 15:18:47,747 - DEBUG - STREAM b'tEXt' 90743 37
2024-11-11 15:18:47,747 - DEBUG - STREAM b'tEXt' 90792 37
2024-11-11 15:18:47,747 - DEBUG - STREAM b'tEXt' 90841 40
2024-11-11 15:18:48,124 - DEBUG - STREAM b'IHDR' 16 13
2024-11-11 15:18:48,124 - DEBUG - STREAM b'IDAT' 41 65536
2024-11-11 15:18:48,579 - DEBUG - Error closing: 'Image' object has no attribute 'fp'
2024-11-11 15:18:48,844 - DEBUG - Completed processing row index: 13
2024-11-11 15:18:48,844 - DEBUG - Processing row index: 14
2024-11-11 15:18:48,863 - DEBUG - STREAM b'IHDR' 16 13
2024-11-11 15:18:48,863 - DEBUG - STREAM b'pHYs' 41 9
2024-11-11 15:18:48,863 - DEBUG - STREAM b'tEXt' 62 25
2024-11-11 15:18:48,863 - DEBUG - STREAM b'IDAT' 99 8192
2024-11-11 15:18:50,683 - DEBUG - STREAM b'IHDR' 16 13
2024-11-11 15:18:50,683 - DEBUG - STREAM b'cHRM' 41 32
2024-11-11 15:18:50,683 - DEBUG - STREAM b'bKGD' 85 2
2024-11-11 15:18:50,683 - DEBUG - b'bKGD' 85 2 (unknown)
2024-11-11 15:18:50,683 - DEBUG - STREAM b'pHYs' 99 9
2024-11-11 15:18:50,683 - DEBUG - STREAM b'tIME' 120 7
2024-11-11 15:18:50,683 - DEBUG - b'tIME' 120 7 (unknown)
2024-11-11 15:18:50,683 - DEBUG - STREAM b'IDAT' 139 32768
2024-11-11 15:18:50,730 - DEBUG - STREAM b'tEXt' 164164 37
2024-11-11 15:18:50,730 - DEBUG - STREAM b'tEXt' 164213 37
2024-11-11 15:18:50,730 - DEBUG - STREAM b'tEXt' 164262 40
2024-11-11 15:18:51,188 - DEBUG - STREAM b'IHDR' 16 13
2024-11-11 15:18:51,188 - DEBUG - STREAM b'IDAT' 41 65536
2024-11-11 15:18:51,752 - DEBUG - Error closing: 'Image' object has no attribute 'fp'
2024-11-11 15:18:52,024 - DEBUG - Completed processing row index: 14
2024-11-11 15:18:52,030 - DEBUG - Processing row index: 15
2024-11-11 15:18:52,036 - DEBUG - STREAM b'IHDR' 16 13
2024-11-11 15:18:52,036 - DEBUG - STREAM b'pHYs' 41 9
2024-11-11 15:18:52,036 - DEBUG - STREAM b'tEXt' 62 25
2024-11-11 15:18:52,036 - DEBUG - STREAM b'IDAT' 99 8192
2024-11-11 15:18:53,659 - DEBUG - STREAM b'IHDR' 16 13
2024-11-11 15:18:53,659 - DEBUG - STREAM b'cHRM' 41 32
2024-11-11 15:18:53,659 - DEBUG - STREAM b'bKGD' 85 2
2024-11-11 15:18:53,659 - DEBUG - b'bKGD' 85 2 (unknown)
2024-11-11 15:18:53,659 - DEBUG - STREAM b'pHYs' 99 9
2024-11-11 15:18:53,659 - DEBUG - STREAM b'tIME' 120 7
2024-11-11 15:18:53,659 - DEBUG - b'tIME' 120 7 (unknown)
2024-11-11 15:18:53,659 - DEBUG - STREAM b'IDAT' 139 32768
2024-11-11 15:18:53,707 - DEBUG - STREAM b'tEXt' 98038 37
2024-11-11 15:18:53,707 - DEBUG - STREAM b'tEXt' 98087 37
2024-11-11 15:18:53,707 - DEBUG - STREAM b'tEXt' 98136 40
2024-11-11 15:18:54,068 - DEBUG - STREAM b'IHDR' 16 13
2024-11-11 15:18:54,068 - DEBUG - STREAM b'IDAT' 41 65536
2024-11-11 15:18:54,536 - DEBUG - Error closing: 'Image' object has no attribute 'fp'
2024-11-11 15:18:54,831 - DEBUG - Completed processing row index: 15
2024-11-11 15:18:54,834 - DEBUG - Processing row index: 16
2024-11-11 15:18:54,834 - DEBUG - STREAM b'IHDR' 16 13
2024-11-11 15:18:54,834 - DEBUG - STREAM b'pHYs' 41 9
2024-11-11 15:18:54,834 - DEBUG - STREAM b'tEXt' 62 25
2024-11-11 15:18:54,834 - DEBUG - STREAM b'IDAT' 99 8192
2024-11-11 15:18:56,393 - DEBUG - STREAM b'IHDR' 16 13
2024-11-11 15:18:56,393 - DEBUG - STREAM b'cHRM' 41 32
2024-11-11 15:18:56,393 - DEBUG - STREAM b'bKGD' 85 2
2024-11-11 15:18:56,393 - DEBUG - b'bKGD' 85 2 (unknown)
2024-11-11 15:18:56,393 - DEBUG - STREAM b'pHYs' 99 9
2024-11-11 15:18:56,393 - DEBUG - STREAM b'tIME' 120 7
2024-11-11 15:18:56,393 - DEBUG - b'tIME' 120 7 (unknown)
2024-11-11 15:18:56,393 - DEBUG - STREAM b'IDAT' 139 32768
2024-11-11 15:18:56,441 - DEBUG - STREAM b'tEXt' 106230 37
2024-11-11 15:18:56,441 - DEBUG - STREAM b'tEXt' 106279 37
2024-11-11 15:18:56,441 - DEBUG - STREAM b'tEXt' 106328 40
2024-11-11 15:18:56,849 - DEBUG - STREAM b'IHDR' 16 13
2024-11-11 15:18:56,849 - DEBUG - STREAM b'IDAT' 41 65536
2024-11-11 15:18:57,318 - DEBUG - Error closing: 'Image' object has no attribute 'fp'
2024-11-11 15:18:57,575 - DEBUG - Completed processing row index: 16
2024-11-11 15:18:57,579 - DEBUG - Processing row index: 17
2024-11-11 15:18:57,586 - DEBUG - STREAM b'IHDR' 16 13
2024-11-11 15:18:57,586 - DEBUG - STREAM b'pHYs' 41 9
2024-11-11 15:18:57,586 - DEBUG - STREAM b'tEXt' 62 25
2024-11-11 15:18:57,586 - DEBUG - STREAM b'IDAT' 99 8192
2024-11-11 15:18:59,253 - DEBUG - STREAM b'IHDR' 16 13
2024-11-11 15:18:59,265 - DEBUG - STREAM b'cHRM' 41 32
2024-11-11 15:18:59,265 - DEBUG - STREAM b'bKGD' 85 2
2024-11-11 15:18:59,265 - DEBUG - b'bKGD' 85 2 (unknown)
2024-11-11 15:18:59,265 - DEBUG - STREAM b'pHYs' 99 9
2024-11-11 15:18:59,265 - DEBUG - STREAM b'tIME' 120 7
2024-11-11 15:18:59,265 - DEBUG - b'tIME' 120 7 (unknown)
2024-11-11 15:18:59,265 - DEBUG - STREAM b'IDAT' 139 32768
2024-11-11 15:18:59,313 - DEBUG - STREAM b'tEXt' 131871 37
2024-11-11 15:18:59,313 - DEBUG - STREAM b'tEXt' 131920 37
2024-11-11 15:18:59,313 - DEBUG - STREAM b'tEXt' 131969 40
2024-11-11 15:18:59,733 - DEBUG - STREAM b'IHDR' 16 13
2024-11-11 15:18:59,733 - DEBUG - STREAM b'IDAT' 41 65536
2024-11-11 15:19:00,227 - DEBUG - Error closing: 'Image' object has no attribute 'fp'
2024-11-11 15:19:00,489 - DEBUG - Completed processing row index: 17
2024-11-11 15:19:00,499 - DEBUG - Processing row index: 18
2024-11-11 15:19:00,524 - DEBUG - STREAM b'IHDR' 16 13
2024-11-11 15:19:00,525 - DEBUG - STREAM b'pHYs' 41 9
2024-11-11 15:19:00,525 - DEBUG - STREAM b'tEXt' 62 25
2024-11-11 15:19:00,525 - DEBUG - STREAM b'IDAT' 99 8192
2024-11-11 15:19:02,311 - DEBUG - STREAM b'IHDR' 16 13
2024-11-11 15:19:02,311 - DEBUG - STREAM b'cHRM' 41 32
2024-11-11 15:19:02,311 - DEBUG - STREAM b'bKGD' 85 2
2024-11-11 15:19:02,311 - DEBUG - b'bKGD' 85 2 (unknown)
2024-11-11 15:19:02,311 - DEBUG - STREAM b'pHYs' 99 9
2024-11-11 15:19:02,311 - DEBUG - STREAM b'tIME' 120 7
2024-11-11 15:19:02,311 - DEBUG - b'tIME' 120 7 (unknown)
2024-11-11 15:19:02,311 - DEBUG - STREAM b'IDAT' 139 32768
2024-11-11 15:19:02,359 - DEBUG - STREAM b'tEXt' 140351 37
2024-11-11 15:19:02,359 - DEBUG - STREAM b'tEXt' 140400 37
2024-11-11 15:19:02,359 - DEBUG - STREAM b'tEXt' 140449 40
2024-11-11 15:19:02,767 - DEBUG - STREAM b'IHDR' 16 13
2024-11-11 15:19:02,767 - DEBUG - STREAM b'IDAT' 41 65536
2024-11-11 15:19:03,260 - DEBUG - Error closing: 'Image' object has no attribute 'fp'
2024-11-11 15:19:03,517 - DEBUG - Completed processing row index: 18
2024-11-11 15:19:03,525 - DEBUG - Processing row index: 19
2024-11-11 15:19:03,538 - DEBUG - STREAM b'IHDR' 16 13
2024-11-11 15:19:03,538 - DEBUG - STREAM b'pHYs' 41 9
2024-11-11 15:19:03,538 - DEBUG - STREAM b'tEXt' 62 25
2024-11-11 15:19:03,539 - DEBUG - STREAM b'IDAT' 99 8192
2024-11-11 15:19:05,274 - DEBUG - STREAM b'IHDR' 16 13
2024-11-11 15:19:05,274 - DEBUG - STREAM b'cHRM' 41 32
2024-11-11 15:19:05,274 - DEBUG - STREAM b'bKGD' 85 2
2024-11-11 15:19:05,274 - DEBUG - b'bKGD' 85 2 (unknown)
2024-11-11 15:19:05,274 - DEBUG - STREAM b'pHYs' 99 9
2024-11-11 15:19:05,274 - DEBUG - STREAM b'tIME' 120 7
2024-11-11 15:19:05,274 - DEBUG - b'tIME' 120 7 (unknown)
2024-11-11 15:19:05,274 - DEBUG - STREAM b'IDAT' 139 32768
2024-11-11 15:19:05,322 - DEBUG - STREAM b'tEXt' 129643 37
2024-11-11 15:19:05,322 - DEBUG - STREAM b'tEXt' 129692 37
2024-11-11 15:19:05,322 - DEBUG - STREAM b'tEXt' 129741 40
2024-11-11 15:19:05,735 - DEBUG - STREAM b'IHDR' 16 13
2024-11-11 15:19:05,735 - DEBUG - STREAM b'IDAT' 41 65536
2024-11-11 15:19:06,223 - DEBUG - Error closing: 'Image' object has no attribute 'fp'
2024-11-11 15:19:06,540 - DEBUG - Completed processing row index: 19
2024-11-11 15:19:06,540 - DEBUG - Processing row index: 20
2024-11-11 15:19:06,557 - DEBUG - STREAM b'IHDR' 16 13
2024-11-11 15:19:06,557 - DEBUG - STREAM b'pHYs' 41 9
2024-11-11 15:19:06,558 - DEBUG - STREAM b'tEXt' 62 25
2024-11-11 15:19:06,558 - DEBUG - STREAM b'IDAT' 99 8192
2024-11-11 15:19:08,353 - DEBUG - STREAM b'IHDR' 16 13
2024-11-11 15:19:08,353 - DEBUG - STREAM b'cHRM' 41 32
2024-11-11 15:19:08,353 - DEBUG - STREAM b'bKGD' 85 2
2024-11-11 15:19:08,353 - DEBUG - b'bKGD' 85 2 (unknown)
2024-11-11 15:19:08,353 - DEBUG - STREAM b'pHYs' 99 9
2024-11-11 15:19:08,353 - DEBUG - STREAM b'tIME' 120 7
2024-11-11 15:19:08,353 - DEBUG - b'tIME' 120 7 (unknown)
2024-11-11 15:19:08,353 - DEBUG - STREAM b'IDAT' 139 32768
2024-11-11 15:19:08,413 - DEBUG - STREAM b'tEXt' 152330 37
2024-11-11 15:19:08,413 - DEBUG - STREAM b'tEXt' 152379 37
2024-11-11 15:19:08,413 - DEBUG - STREAM b'tEXt' 152428 40
2024-11-11 15:19:08,857 - DEBUG - STREAM b'IHDR' 16 13
2024-11-11 15:19:08,857 - DEBUG - STREAM b'IDAT' 41 65536
2024-11-11 15:19:09,386 - DEBUG - Error closing: 'Image' object has no attribute 'fp'
2024-11-11 15:19:09,646 - DEBUG - Completed processing row index: 20
2024-11-11 15:19:09,650 - DEBUG - Processing row index: 21
2024-11-11 15:19:09,658 - DEBUG - STREAM b'IHDR' 16 13
2024-11-11 15:19:09,658 - DEBUG - STREAM b'pHYs' 41 9
2024-11-11 15:19:09,658 - DEBUG - STREAM b'tEXt' 62 25
2024-11-11 15:19:09,658 - DEBUG - STREAM b'IDAT' 99 8192
2024-11-11 15:19:09,977 - DEBUG - STREAM b'IHDR' 16 13
2024-11-11 15:19:09,977 - DEBUG - STREAM b'cHRM' 41 32
2024-11-11 15:19:09,977 - DEBUG - STREAM b'bKGD' 85 2
2024-11-11 15:19:09,977 - DEBUG - b'bKGD' 85 2 (unknown)
2024-11-11 15:19:09,977 - DEBUG - STREAM b'pHYs' 99 9
2024-11-11 15:19:09,977 - DEBUG - STREAM b'IDAT' 120 32768
2024-11-11 15:19:09,989 - DEBUG - STREAM b'tEXt' 40294 37
2024-11-11 15:19:09,989 - DEBUG - STREAM b'tEXt' 40343 37
2024-11-11 15:19:09,989 - DEBUG - STREAM b'tEXt' 40392 40
2024-11-11 15:19:10,085 - DEBUG - STREAM b'IHDR' 16 13
2024-11-11 15:19:10,085 - DEBUG - STREAM b'IDAT' 41 65536
2024-11-11 15:19:10,215 - DEBUG - Error closing: 'Image' object has no attribute 'fp'
2024-11-11 15:19:10,477 - DEBUG - Completed processing row index: 21
2024-11-11 15:19:10,480 - DEBUG - Processing row index: 22
2024-11-11 15:19:10,482 - DEBUG - STREAM b'IHDR' 16 13
2024-11-11 15:19:10,482 - DEBUG - STREAM b'pHYs' 41 9
2024-11-11 15:19:10,482 - DEBUG - STREAM b'tEXt' 62 25
2024-11-11 15:19:10,482 - DEBUG - STREAM b'IDAT' 99 8192
2024-11-11 15:19:12,107 - DEBUG - STREAM b'IHDR' 16 13
2024-11-11 15:19:12,107 - DEBUG - STREAM b'cHRM' 41 32
2024-11-11 15:19:12,107 - DEBUG - STREAM b'bKGD' 85 2
2024-11-11 15:19:12,107 - DEBUG - b'bKGD' 85 2 (unknown)
2024-11-11 15:19:12,107 - DEBUG - STREAM b'pHYs' 99 9
2024-11-11 15:19:12,107 - DEBUG - STREAM b'tIME' 120 7
2024-11-11 15:19:12,107 - DEBUG - b'tIME' 120 7 (unknown)
2024-11-11 15:19:12,107 - DEBUG - STREAM b'IDAT' 139 32768
2024-11-11 15:19:12,155 - DEBUG - STREAM b'tEXt' 99504 37
2024-11-11 15:19:12,155 - DEBUG - STREAM b'tEXt' 99553 37
2024-11-11 15:19:12,155 - DEBUG - STREAM b'tEXt' 99602 40
2024-11-11 15:19:12,551 - DEBUG - STREAM b'IHDR' 16 13
2024-11-11 15:19:12,551 - DEBUG - STREAM b'IDAT' 41 65536
2024-11-11 15:19:13,020 - DEBUG - Error closing: 'Image' object has no attribute 'fp'
2024-11-11 15:19:13,285 - DEBUG - Completed processing row index: 22
2024-11-11 15:19:13,285 - DEBUG - Processing row index: 23
2024-11-11 15:19:13,297 - DEBUG - STREAM b'IHDR' 16 13
2024-11-11 15:19:13,297 - DEBUG - STREAM b'pHYs' 41 9
2024-11-11 15:19:13,297 - DEBUG - STREAM b'tEXt' 62 25
2024-11-11 15:19:13,297 - DEBUG - STREAM b'IDAT' 99 8192
2024-11-11 15:19:14,945 - DEBUG - STREAM b'IHDR' 16 13
2024-11-11 15:19:14,945 - DEBUG - STREAM b'cHRM' 41 32
2024-11-11 15:19:14,945 - DEBUG - STREAM b'bKGD' 85 2
2024-11-11 15:19:14,945 - DEBUG - b'bKGD' 85 2 (unknown)
2024-11-11 15:19:14,945 - DEBUG - STREAM b'pHYs' 99 9
2024-11-11 15:19:14,945 - DEBUG - STREAM b'tIME' 120 7
2024-11-11 15:19:14,945 - DEBUG - b'tIME' 120 7 (unknown)
2024-11-11 15:19:14,945 - DEBUG - STREAM b'IDAT' 139 32768
2024-11-11 15:19:14,993 - DEBUG - STREAM b'tEXt' 117180 37
2024-11-11 15:19:15,005 - DEBUG - STREAM b'tEXt' 117229 37
2024-11-11 15:19:15,005 - DEBUG - STREAM b'tEXt' 117278 40
2024-11-11 15:19:15,389 - DEBUG - STREAM b'IHDR' 16 13
2024-11-11 15:19:15,389 - DEBUG - STREAM b'IDAT' 41 65536
2024-11-11 15:19:15,899 - DEBUG - Error closing: 'Image' object has no attribute 'fp'
2024-11-11 15:19:16,156 - DEBUG - Completed processing row index: 23
2024-11-11 15:19:16,160 - DEBUG - Processing row index: 24
2024-11-11 15:19:16,164 - DEBUG - STREAM b'IHDR' 16 13
2024-11-11 15:19:16,164 - DEBUG - STREAM b'pHYs' 41 9
2024-11-11 15:19:16,164 - DEBUG - STREAM b'tEXt' 62 25
2024-11-11 15:19:16,164 - DEBUG - STREAM b'IDAT' 99 8192
2024-11-11 15:19:17,622 - DEBUG - STREAM b'IHDR' 16 13
2024-11-11 15:19:17,622 - DEBUG - STREAM b'cHRM' 41 32
2024-11-11 15:19:17,622 - DEBUG - STREAM b'bKGD' 85 2
2024-11-11 15:19:17,622 - DEBUG - b'bKGD' 85 2 (unknown)
2024-11-11 15:19:17,622 - DEBUG - STREAM b'pHYs' 99 9
2024-11-11 15:19:17,623 - DEBUG - STREAM b'tIME' 120 7
2024-11-11 15:19:17,623 - DEBUG - b'tIME' 120 7 (unknown)
2024-11-11 15:19:17,623 - DEBUG - STREAM b'IDAT' 139 32768
2024-11-11 15:19:17,675 - DEBUG - STREAM b'tEXt' 62195 37
2024-11-11 15:19:17,675 - DEBUG - STREAM b'tEXt' 62244 37
2024-11-11 15:19:17,675 - DEBUG - STREAM b'tEXt' 62293 40
2024-11-11 15:19:18,025 - DEBUG - STREAM b'IHDR' 16 13
2024-11-11 15:19:18,025 - DEBUG - STREAM b'IDAT' 41 65536
2024-11-11 15:19:18,469 - DEBUG - Error closing: 'Image' object has no attribute 'fp'
2024-11-11 15:19:18,732 - DEBUG - Completed processing row index: 24
2024-11-11 15:19:18,735 - DEBUG - Processing row index: 25
2024-11-11 15:19:18,739 - DEBUG - STREAM b'IHDR' 16 13
2024-11-11 15:19:18,739 - DEBUG - STREAM b'pHYs' 41 9
2024-11-11 15:19:18,739 - DEBUG - STREAM b'tEXt' 62 25
2024-11-11 15:19:18,739 - DEBUG - STREAM b'IDAT' 99 8192
2024-11-11 15:19:20,164 - DEBUG - STREAM b'IHDR' 16 13
2024-11-11 15:19:20,164 - DEBUG - STREAM b'cHRM' 41 32
2024-11-11 15:19:20,164 - DEBUG - STREAM b'bKGD' 85 2
2024-11-11 15:19:20,164 - DEBUG - b'bKGD' 85 2 (unknown)
2024-11-11 15:19:20,164 - DEBUG - STREAM b'pHYs' 99 9
2024-11-11 15:19:20,164 - DEBUG - STREAM b'tIME' 120 7
2024-11-11 15:19:20,164 - DEBUG - b'tIME' 120 7 (unknown)
2024-11-11 15:19:20,164 - DEBUG - STREAM b'IDAT' 139 32768
2024-11-11 15:19:20,212 - DEBUG - STREAM b'tEXt' 59720 37
2024-11-11 15:19:20,212 - DEBUG - STREAM b'tEXt' 59769 37
2024-11-11 15:19:20,212 - DEBUG - STREAM b'tEXt' 59818 40
2024-11-11 15:19:20,560 - DEBUG - STREAM b'IHDR' 16 13
2024-11-11 15:19:20,560 - DEBUG - STREAM b'IDAT' 41 65536
2024-11-11 15:19:20,980 - DEBUG - Error closing: 'Image' object has no attribute 'fp'
2024-11-11 15:19:21,249 - DEBUG - Completed processing row index: 25
2024-11-11 15:19:21,252 - DEBUG - Processing row index: 26
2024-11-11 15:19:21,256 - DEBUG - STREAM b'IHDR' 16 13
2024-11-11 15:19:21,256 - DEBUG - STREAM b'pHYs' 41 9
2024-11-11 15:19:21,256 - DEBUG - STREAM b'tEXt' 62 25
2024-11-11 15:19:21,256 - DEBUG - STREAM b'IDAT' 99 8192
2024-11-11 15:19:22,652 - DEBUG - STREAM b'IHDR' 16 13
2024-11-11 15:19:22,652 - DEBUG - STREAM b'cHRM' 41 32
2024-11-11 15:19:22,652 - DEBUG - STREAM b'bKGD' 85 2
2024-11-11 15:19:22,652 - DEBUG - b'bKGD' 85 2 (unknown)
2024-11-11 15:19:22,652 - DEBUG - STREAM b'pHYs' 99 9
2024-11-11 15:19:22,652 - DEBUG - STREAM b'tIME' 120 7
2024-11-11 15:19:22,652 - DEBUG - b'tIME' 120 7 (unknown)
2024-11-11 15:19:22,652 - DEBUG - STREAM b'IDAT' 139 32768
2024-11-11 15:19:22,699 - DEBUG - STREAM b'tEXt' 53044 37
2024-11-11 15:19:22,699 - DEBUG - STREAM b'tEXt' 53093 37
2024-11-11 15:19:22,699 - DEBUG - STREAM b'tEXt' 53142 40
2024-11-11 15:19:23,022 - DEBUG - STREAM b'IHDR' 16 13
2024-11-11 15:19:23,022 - DEBUG - STREAM b'IDAT' 41 65536
2024-11-11 15:19:23,455 - DEBUG - Error closing: 'Image' object has no attribute 'fp'
2024-11-11 15:19:23,696 - DEBUG - Completed processing row index: 26
2024-11-11 15:19:23,714 - DEBUG - Processing row index: 27
2024-11-11 15:19:23,717 - DEBUG - STREAM b'IHDR' 16 13
2024-11-11 15:19:23,718 - DEBUG - STREAM b'pHYs' 41 9
2024-11-11 15:19:23,718 - DEBUG - STREAM b'tEXt' 62 25
2024-11-11 15:19:23,718 - DEBUG - STREAM b'IDAT' 99 8192
2024-11-11 15:19:25,192 - DEBUG - STREAM b'IHDR' 16 13
2024-11-11 15:19:25,192 - DEBUG - STREAM b'cHRM' 41 32
2024-11-11 15:19:25,192 - DEBUG - STREAM b'bKGD' 85 2
2024-11-11 15:19:25,192 - DEBUG - b'bKGD' 85 2 (unknown)
2024-11-11 15:19:25,192 - DEBUG - STREAM b'pHYs' 99 9
2024-11-11 15:19:25,192 - DEBUG - STREAM b'tIME' 120 7
2024-11-11 15:19:25,192 - DEBUG - b'tIME' 120 7 (unknown)
2024-11-11 15:19:25,192 - DEBUG - STREAM b'IDAT' 139 32768
2024-11-11 15:19:25,254 - DEBUG - STREAM b'tEXt' 71020 37
2024-11-11 15:19:25,254 - DEBUG - STREAM b'tEXt' 71069 37
2024-11-11 15:19:25,254 - DEBUG - STREAM b'tEXt' 71118 40
2024-11-11 15:19:25,584 - DEBUG - STREAM b'IHDR' 16 13
2024-11-11 15:19:25,584 - DEBUG - STREAM b'IDAT' 41 65536
2024-11-11 15:19:26,040 - DEBUG - Error closing: 'Image' object has no attribute 'fp'
2024-11-11 15:19:26,307 - DEBUG - Completed processing row index: 27
2024-11-11 15:19:26,311 - DEBUG - Processing row index: 28
2024-11-11 15:19:26,315 - DEBUG - STREAM b'IHDR' 16 13
2024-11-11 15:19:26,315 - DEBUG - STREAM b'pHYs' 41 9
2024-11-11 15:19:26,315 - DEBUG - STREAM b'tEXt' 62 25
2024-11-11 15:19:26,315 - DEBUG - STREAM b'IDAT' 99 8192
2024-11-11 15:19:27,730 - DEBUG - STREAM b'IHDR' 16 13
2024-11-11 15:19:27,730 - DEBUG - STREAM b'cHRM' 41 32
2024-11-11 15:19:27,730 - DEBUG - STREAM b'bKGD' 85 2
2024-11-11 15:19:27,730 - DEBUG - b'bKGD' 85 2 (unknown)
2024-11-11 15:19:27,730 - DEBUG - STREAM b'pHYs' 99 9
2024-11-11 15:19:27,730 - DEBUG - STREAM b'tIME' 120 7
2024-11-11 15:19:27,730 - DEBUG - b'tIME' 120 7 (unknown)
2024-11-11 15:19:27,730 - DEBUG - STREAM b'IDAT' 139 32768
2024-11-11 15:19:27,793 - DEBUG - STREAM b'tEXt' 59823 37
2024-11-11 15:19:27,793 - DEBUG - STREAM b'tEXt' 59872 37
2024-11-11 15:19:27,793 - DEBUG - STREAM b'tEXt' 59921 40
2024-11-11 15:19:28,138 - DEBUG - STREAM b'IHDR' 16 13
2024-11-11 15:19:28,138 - DEBUG - STREAM b'IDAT' 41 65536
2024-11-11 15:19:28,565 - DEBUG - Error closing: 'Image' object has no attribute 'fp'
2024-11-11 15:19:28,829 - DEBUG - Completed processing row index: 28
2024-11-11 15:19:28,836 - DEBUG - Processing row index: 29
2024-11-11 15:19:28,840 - DEBUG - STREAM b'IHDR' 16 13
2024-11-11 15:19:28,840 - DEBUG - STREAM b'pHYs' 41 9
2024-11-11 15:19:28,840 - DEBUG - STREAM b'tEXt' 62 25
2024-11-11 15:19:28,840 - DEBUG - STREAM b'IDAT' 99 8192
2024-11-11 15:19:30,217 - DEBUG - STREAM b'IHDR' 16 13
2024-11-11 15:19:30,217 - DEBUG - STREAM b'cHRM' 41 32
2024-11-11 15:19:30,217 - DEBUG - STREAM b'bKGD' 85 2
2024-11-11 15:19:30,217 - DEBUG - b'bKGD' 85 2 (unknown)
2024-11-11 15:19:30,217 - DEBUG - STREAM b'pHYs' 99 9
2024-11-11 15:19:30,217 - DEBUG - STREAM b'tIME' 120 7
2024-11-11 15:19:30,217 - DEBUG - b'tIME' 120 7 (unknown)
2024-11-11 15:19:30,217 - DEBUG - STREAM b'IDAT' 139 32768
2024-11-11 15:19:30,268 - DEBUG - STREAM b'tEXt' 52797 37
2024-11-11 15:19:30,268 - DEBUG - STREAM b'tEXt' 52846 37
2024-11-11 15:19:30,268 - DEBUG - STREAM b'tEXt' 52895 40
2024-11-11 15:19:30,594 - DEBUG - STREAM b'IHDR' 16 13
2024-11-11 15:19:30,594 - DEBUG - STREAM b'IDAT' 41 65536
2024-11-11 15:19:31,018 - DEBUG - Error closing: 'Image' object has no attribute 'fp'
2024-11-11 15:19:31,288 - DEBUG - Completed processing row index: 29
2024-11-11 15:19:31,292 - DEBUG - Processing row index: 32
2024-11-11 15:19:31,296 - DEBUG - STREAM b'IHDR' 16 13
2024-11-11 15:19:31,296 - DEBUG - STREAM b'pHYs' 41 9
2024-11-11 15:19:31,296 - DEBUG - STREAM b'tEXt' 62 25
2024-11-11 15:19:31,296 - DEBUG - STREAM b'IDAT' 99 8192
2024-11-11 15:19:32,701 - DEBUG - STREAM b'IHDR' 16 13
2024-11-11 15:19:32,701 - DEBUG - STREAM b'cHRM' 41 32
2024-11-11 15:19:32,701 - DEBUG - STREAM b'bKGD' 85 2
2024-11-11 15:19:32,701 - DEBUG - b'bKGD' 85 2 (unknown)
2024-11-11 15:19:32,701 - DEBUG - STREAM b'pHYs' 99 9
2024-11-11 15:19:32,701 - DEBUG - STREAM b'tIME' 120 7
2024-11-11 15:19:32,701 - DEBUG - b'tIME' 120 7 (unknown)
2024-11-11 15:19:32,701 - DEBUG - STREAM b'IDAT' 139 32768
2024-11-11 15:19:32,764 - DEBUG - STREAM b'tEXt' 62490 37
2024-11-11 15:19:32,764 - DEBUG - STREAM b'tEXt' 62539 37
2024-11-11 15:19:32,764 - DEBUG - STREAM b'tEXt' 62588 40
2024-11-11 15:19:33,094 - DEBUG - STREAM b'IHDR' 16 13
2024-11-11 15:19:33,094 - DEBUG - STREAM b'IDAT' 41 65536
2024-11-11 15:19:33,518 - DEBUG - Error closing: 'Image' object has no attribute 'fp'
2024-11-11 15:19:33,783 - DEBUG - Completed processing row index: 32
2024-11-11 15:19:33,786 - DEBUG - Processing row index: 33
2024-11-11 15:19:33,790 - DEBUG - STREAM b'IHDR' 16 13
2024-11-11 15:19:33,790 - DEBUG - STREAM b'pHYs' 41 9
2024-11-11 15:19:33,790 - DEBUG - STREAM b'tEXt' 62 25
2024-11-11 15:19:33,790 - DEBUG - STREAM b'IDAT' 99 8192
2024-11-11 15:19:35,175 - DEBUG - STREAM b'IHDR' 16 13
2024-11-11 15:19:35,175 - DEBUG - STREAM b'cHRM' 41 32
2024-11-11 15:19:35,175 - DEBUG - STREAM b'bKGD' 85 2
2024-11-11 15:19:35,175 - DEBUG - b'bKGD' 85 2 (unknown)
2024-11-11 15:19:35,175 - DEBUG - STREAM b'pHYs' 99 9
2024-11-11 15:19:35,175 - DEBUG - STREAM b'tIME' 120 7
2024-11-11 15:19:35,175 - DEBUG - b'tIME' 120 7 (unknown)
2024-11-11 15:19:35,175 - DEBUG - STREAM b'IDAT' 139 32768
2024-11-11 15:19:35,236 - DEBUG - STREAM b'tEXt' 59075 37
2024-11-11 15:19:35,236 - DEBUG - STREAM b'tEXt' 59124 37
2024-11-11 15:19:35,236 - DEBUG - STREAM b'tEXt' 59173 40
2024-11-11 15:19:35,565 - DEBUG - STREAM b'IHDR' 16 13
2024-11-11 15:19:35,565 - DEBUG - STREAM b'IDAT' 41 65536
2024-11-11 15:19:36,005 - DEBUG - Error closing: 'Image' object has no attribute 'fp'
2024-11-11 15:19:36,259 - DEBUG - Completed processing row index: 33
2024-11-11 15:19:36,263 - DEBUG - Processing row index: 34
2024-11-11 15:19:36,266 - DEBUG - STREAM b'IHDR' 16 13
2024-11-11 15:19:36,266 - DEBUG - STREAM b'pHYs' 41 9
2024-11-11 15:19:36,266 - DEBUG - STREAM b'tEXt' 62 25
2024-11-11 15:19:36,266 - DEBUG - STREAM b'IDAT' 99 8192
2024-11-11 15:19:37,658 - DEBUG - STREAM b'IHDR' 16 13
2024-11-11 15:19:37,658 - DEBUG - STREAM b'cHRM' 41 32
2024-11-11 15:19:37,658 - DEBUG - STREAM b'bKGD' 85 2
2024-11-11 15:19:37,658 - DEBUG - b'bKGD' 85 2 (unknown)
2024-11-11 15:19:37,658 - DEBUG - STREAM b'pHYs' 99 9
2024-11-11 15:19:37,658 - DEBUG - STREAM b'tIME' 120 7
2024-11-11 15:19:37,658 - DEBUG - b'tIME' 120 7 (unknown)
2024-11-11 15:19:37,658 - DEBUG - STREAM b'IDAT' 139 32768
2024-11-11 15:19:37,705 - DEBUG - STREAM b'tEXt' 54653 37
2024-11-11 15:19:37,705 - DEBUG - STREAM b'tEXt' 54702 37
2024-11-11 15:19:37,705 - DEBUG - STREAM b'tEXt' 54751 40
2024-11-11 15:19:38,050 - DEBUG - STREAM b'IHDR' 16 13
2024-11-11 15:19:38,050 - DEBUG - STREAM b'IDAT' 41 65536
2024-11-11 15:19:38,481 - DEBUG - Error closing: 'Image' object has no attribute 'fp'
2024-11-11 15:19:38,740 - DEBUG - Completed processing row index: 34
2024-11-11 15:19:38,744 - DEBUG - Processing row index: 35
2024-11-11 15:19:38,747 - DEBUG - STREAM b'IHDR' 16 13
2024-11-11 15:19:38,747 - DEBUG - STREAM b'pHYs' 41 9
2024-11-11 15:19:38,747 - DEBUG - STREAM b'tEXt' 62 25
2024-11-11 15:19:38,747 - DEBUG - STREAM b'IDAT' 99 8192
2024-11-11 15:19:40,160 - DEBUG - STREAM b'IHDR' 16 13
2024-11-11 15:19:40,160 - DEBUG - STREAM b'cHRM' 41 32
2024-11-11 15:19:40,160 - DEBUG - STREAM b'bKGD' 85 2
2024-11-11 15:19:40,160 - DEBUG - b'bKGD' 85 2 (unknown)
2024-11-11 15:19:40,160 - DEBUG - STREAM b'pHYs' 99 9
2024-11-11 15:19:40,160 - DEBUG - STREAM b'tIME' 120 7
2024-11-11 15:19:40,160 - DEBUG - b'tIME' 120 7 (unknown)
2024-11-11 15:19:40,160 - DEBUG - STREAM b'IDAT' 139 32768
2024-11-11 15:19:40,207 - DEBUG - STREAM b'tEXt' 67066 37
2024-11-11 15:19:40,207 - DEBUG - STREAM b'tEXt' 67115 37
2024-11-11 15:19:40,207 - DEBUG - STREAM b'tEXt' 67164 40
2024-11-11 15:19:40,552 - DEBUG - STREAM b'IHDR' 16 13
2024-11-11 15:19:40,552 - DEBUG - STREAM b'IDAT' 41 65536
2024-11-11 15:19:40,985 - DEBUG - Error closing: 'Image' object has no attribute 'fp'
2024-11-11 15:19:41,238 - DEBUG - Completed processing row index: 35
2024-11-11 15:19:41,242 - DEBUG - Processing row index: 36
2024-11-11 15:19:41,245 - DEBUG - STREAM b'IHDR' 16 13
2024-11-11 15:19:41,246 - DEBUG - STREAM b'pHYs' 41 9
2024-11-11 15:19:41,246 - DEBUG - STREAM b'tEXt' 62 25
2024-11-11 15:19:41,246 - DEBUG - STREAM b'IDAT' 99 8192
2024-11-11 15:19:42,677 - DEBUG - STREAM b'IHDR' 16 13
2024-11-11 15:19:42,677 - DEBUG - STREAM b'cHRM' 41 32
2024-11-11 15:19:42,677 - DEBUG - STREAM b'bKGD' 85 2
2024-11-11 15:19:42,677 - DEBUG - b'bKGD' 85 2 (unknown)
2024-11-11 15:19:42,677 - DEBUG - STREAM b'pHYs' 99 9
2024-11-11 15:19:42,677 - DEBUG - STREAM b'tIME' 120 7
2024-11-11 15:19:42,677 - DEBUG - b'tIME' 120 7 (unknown)
2024-11-11 15:19:42,677 - DEBUG - STREAM b'IDAT' 139 32768
2024-11-11 15:19:42,724 - DEBUG - STREAM b'tEXt' 70359 37
2024-11-11 15:19:42,724 - DEBUG - STREAM b'tEXt' 70408 37
2024-11-11 15:19:42,724 - DEBUG - STREAM b'tEXt' 70457 40
2024-11-11 15:19:43,069 - DEBUG - STREAM b'IHDR' 16 13
2024-11-11 15:19:43,069 - DEBUG - STREAM b'IDAT' 41 65536
2024-11-11 15:19:43,508 - DEBUG - Error closing: 'Image' object has no attribute 'fp'
2024-11-11 15:19:43,770 - DEBUG - Completed processing row index: 36
2024-11-11 15:19:43,774 - DEBUG - Processing row index: 37
2024-11-11 15:19:43,777 - DEBUG - STREAM b'IHDR' 16 13
2024-11-11 15:19:43,778 - DEBUG - STREAM b'pHYs' 41 9
2024-11-11 15:19:43,778 - DEBUG - STREAM b'tEXt' 62 25
2024-11-11 15:19:43,778 - DEBUG - STREAM b'IDAT' 99 8192
2024-11-11 15:19:45,192 - DEBUG - STREAM b'IHDR' 16 13
2024-11-11 15:19:45,192 - DEBUG - STREAM b'cHRM' 41 32
2024-11-11 15:19:45,192 - DEBUG - STREAM b'bKGD' 85 2
2024-11-11 15:19:45,192 - DEBUG - b'bKGD' 85 2 (unknown)
2024-11-11 15:19:45,192 - DEBUG - STREAM b'pHYs' 99 9
2024-11-11 15:19:45,192 - DEBUG - STREAM b'tIME' 120 7
2024-11-11 15:19:45,192 - DEBUG - b'tIME' 120 7 (unknown)
2024-11-11 15:19:45,192 - DEBUG - STREAM b'IDAT' 139 32768
2024-11-11 15:19:45,244 - DEBUG - STREAM b'tEXt' 56278 37
2024-11-11 15:19:45,244 - DEBUG - STREAM b'tEXt' 56327 37
2024-11-11 15:19:45,244 - DEBUG - STREAM b'tEXt' 56376 40
2024-11-11 15:19:45,574 - DEBUG - STREAM b'IHDR' 16 13
2024-11-11 15:19:45,574 - DEBUG - STREAM b'IDAT' 41 65536
2024-11-11 15:19:46,030 - DEBUG - Error closing: 'Image' object has no attribute 'fp'
2024-11-11 15:19:46,324 - DEBUG - Completed processing row index: 37
2024-11-11 15:19:46,328 - DEBUG - Processing row index: 38
2024-11-11 15:19:46,331 - DEBUG - STREAM b'IHDR' 16 13
2024-11-11 15:19:46,331 - DEBUG - STREAM b'pHYs' 41 9
2024-11-11 15:19:46,331 - DEBUG - STREAM b'tEXt' 62 25
2024-11-11 15:19:46,331 - DEBUG - STREAM b'IDAT' 99 8192
2024-11-11 15:19:47,861 - DEBUG - STREAM b'IHDR' 16 13
2024-11-11 15:19:47,861 - DEBUG - STREAM b'cHRM' 41 32
2024-11-11 15:19:47,861 - DEBUG - STREAM b'bKGD' 85 2
2024-11-11 15:19:47,861 - DEBUG - b'bKGD' 85 2 (unknown)
2024-11-11 15:19:47,861 - DEBUG - STREAM b'pHYs' 99 9
2024-11-11 15:19:47,861 - DEBUG - STREAM b'tIME' 120 7
2024-11-11 15:19:47,861 - DEBUG - b'tIME' 120 7 (unknown)
2024-11-11 15:19:47,861 - DEBUG - STREAM b'IDAT' 139 32768
2024-11-11 15:19:47,908 - DEBUG - STREAM b'tEXt' 61797 37
2024-11-11 15:19:47,908 - DEBUG - STREAM b'tEXt' 61846 37
2024-11-11 15:19:47,908 - DEBUG - STREAM b'tEXt' 61895 40
2024-11-11 15:19:48,253 - DEBUG - STREAM b'IHDR' 16 13
2024-11-11 15:19:48,253 - DEBUG - STREAM b'IDAT' 41 65536
2024-11-11 15:19:48,677 - DEBUG - Error closing: 'Image' object has no attribute 'fp'
2024-11-11 15:19:48,943 - DEBUG - Completed processing row index: 38
2024-11-11 15:19:48,949 - DEBUG - Processing row index: 39
2024-11-11 15:19:48,953 - DEBUG - STREAM b'IHDR' 16 13
2024-11-11 15:19:48,953 - DEBUG - STREAM b'pHYs' 41 9
2024-11-11 15:19:48,953 - DEBUG - STREAM b'tEXt' 62 25
2024-11-11 15:19:48,953 - DEBUG - STREAM b'IDAT' 99 8192
2024-11-11 15:19:50,339 - DEBUG - STREAM b'IHDR' 16 13
2024-11-11 15:19:50,339 - DEBUG - STREAM b'cHRM' 41 32
2024-11-11 15:19:50,339 - DEBUG - STREAM b'bKGD' 85 2
2024-11-11 15:19:50,339 - DEBUG - b'bKGD' 85 2 (unknown)
2024-11-11 15:19:50,339 - DEBUG - STREAM b'pHYs' 99 9
2024-11-11 15:19:50,339 - DEBUG - STREAM b'tIME' 120 7
2024-11-11 15:19:50,339 - DEBUG - b'tIME' 120 7 (unknown)
2024-11-11 15:19:50,339 - DEBUG - STREAM b'IDAT' 139 32768
2024-11-11 15:19:50,402 - DEBUG - STREAM b'tEXt' 53987 37
2024-11-11 15:19:50,402 - DEBUG - STREAM b'tEXt' 54036 37
2024-11-11 15:19:50,402 - DEBUG - STREAM b'tEXt' 54085 40
2024-11-11 15:19:50,746 - DEBUG - STREAM b'IHDR' 16 13
2024-11-11 15:19:50,746 - DEBUG - STREAM b'IDAT' 41 65536
2024-11-11 15:19:51,170 - DEBUG - Error closing: 'Image' object has no attribute 'fp'
2024-11-11 15:19:51,441 - DEBUG - Completed processing row index: 39
2024-11-11 15:19:51,445 - DEBUG - Processing row index: 40
2024-11-11 15:19:51,448 - DEBUG - STREAM b'IHDR' 16 13
2024-11-11 15:19:51,449 - DEBUG - STREAM b'pHYs' 41 9
2024-11-11 15:19:51,449 - DEBUG - STREAM b'tEXt' 62 25
2024-11-11 15:19:51,449 - DEBUG - STREAM b'IDAT' 99 8192
2024-11-11 15:19:52,918 - DEBUG - STREAM b'IHDR' 16 13
2024-11-11 15:19:52,918 - DEBUG - STREAM b'cHRM' 41 32
2024-11-11 15:19:52,918 - DEBUG - STREAM b'bKGD' 85 2
2024-11-11 15:19:52,918 - DEBUG - b'bKGD' 85 2 (unknown)
2024-11-11 15:19:52,918 - DEBUG - STREAM b'pHYs' 99 9
2024-11-11 15:19:52,918 - DEBUG - STREAM b'tIME' 120 7
2024-11-11 15:19:52,918 - DEBUG - b'tIME' 120 7 (unknown)
2024-11-11 15:19:52,918 - DEBUG - STREAM b'IDAT' 139 32768
2024-11-11 15:19:52,965 - DEBUG - STREAM b'tEXt' 63052 37
2024-11-11 15:19:52,965 - DEBUG - STREAM b'tEXt' 63101 37
2024-11-11 15:19:52,965 - DEBUG - STREAM b'tEXt' 63150 40
2024-11-11 15:19:53,310 - DEBUG - STREAM b'IHDR' 16 13
2024-11-11 15:19:53,310 - DEBUG - STREAM b'IDAT' 41 65536
2024-11-11 15:19:53,734 - DEBUG - Error closing: 'Image' object has no attribute 'fp'
2024-11-11 15:19:54,004 - DEBUG - Completed processing row index: 40
2024-11-11 15:19:54,010 - DEBUG - Processing row index: 41
2024-11-11 15:19:54,015 - DEBUG - STREAM b'IHDR' 16 13
2024-11-11 15:19:54,015 - DEBUG - STREAM b'pHYs' 41 9
2024-11-11 15:19:54,015 - DEBUG - STREAM b'tEXt' 62 25
2024-11-11 15:19:54,015 - DEBUG - STREAM b'IDAT' 99 8192
2024-11-11 15:19:55,441 - DEBUG - STREAM b'IHDR' 16 13
2024-11-11 15:19:55,441 - DEBUG - STREAM b'cHRM' 41 32
2024-11-11 15:19:55,441 - DEBUG - STREAM b'bKGD' 85 2
2024-11-11 15:19:55,441 - DEBUG - b'bKGD' 85 2 (unknown)
2024-11-11 15:19:55,441 - DEBUG - STREAM b'pHYs' 99 9
2024-11-11 15:19:55,441 - DEBUG - STREAM b'tIME' 120 7
2024-11-11 15:19:55,441 - DEBUG - b'tIME' 120 7 (unknown)
2024-11-11 15:19:55,441 - DEBUG - STREAM b'IDAT' 139 32768
2024-11-11 15:19:55,487 - DEBUG - STREAM b'tEXt' 60828 37
2024-11-11 15:19:55,487 - DEBUG - STREAM b'tEXt' 60877 37
2024-11-11 15:19:55,487 - DEBUG - STREAM b'tEXt' 60926 40
2024-11-11 15:19:55,834 - DEBUG - STREAM b'IHDR' 16 13
2024-11-11 15:19:55,834 - DEBUG - STREAM b'IDAT' 41 65536
2024-11-11 15:19:56,273 - DEBUG - Error closing: 'Image' object has no attribute 'fp'
2024-11-11 15:19:56,541 - DEBUG - Completed processing row index: 41
2024-11-11 15:19:56,546 - DEBUG - Processing row index: 42
2024-11-11 15:19:56,546 - DEBUG - STREAM b'IHDR' 16 13
2024-11-11 15:19:56,546 - DEBUG - STREAM b'pHYs' 41 9
2024-11-11 15:19:56,546 - DEBUG - STREAM b'tEXt' 62 25
2024-11-11 15:19:56,546 - DEBUG - STREAM b'IDAT' 99 8192
2024-11-11 15:19:57,961 - DEBUG - STREAM b'IHDR' 16 13
2024-11-11 15:19:57,961 - DEBUG - STREAM b'cHRM' 41 32
2024-11-11 15:19:57,961 - DEBUG - STREAM b'bKGD' 85 2
2024-11-11 15:19:57,961 - DEBUG - b'bKGD' 85 2 (unknown)
2024-11-11 15:19:57,961 - DEBUG - STREAM b'pHYs' 99 9
2024-11-11 15:19:57,961 - DEBUG - STREAM b'tIME' 120 7
2024-11-11 15:19:57,961 - DEBUG - b'tIME' 120 7 (unknown)
2024-11-11 15:19:57,961 - DEBUG - STREAM b'IDAT' 139 32768
2024-11-11 15:19:58,013 - DEBUG - STREAM b'tEXt' 61942 37
2024-11-11 15:19:58,013 - DEBUG - STREAM b'tEXt' 61991 37
2024-11-11 15:19:58,013 - DEBUG - STREAM b'tEXt' 62040 40
2024-11-11 15:19:58,353 - DEBUG - STREAM b'IHDR' 16 13
2024-11-11 15:19:58,353 - DEBUG - STREAM b'IDAT' 41 65536
2024-11-11 15:19:58,777 - DEBUG - Error closing: 'Image' object has no attribute 'fp'
2024-11-11 15:19:59,033 - DEBUG - Completed processing row index: 42
2024-11-11 15:19:59,037 - DEBUG - Processing row index: 43
2024-11-11 15:19:59,040 - DEBUG - STREAM b'IHDR' 16 13
2024-11-11 15:19:59,040 - DEBUG - STREAM b'pHYs' 41 9
2024-11-11 15:19:59,040 - DEBUG - STREAM b'tEXt' 62 25
2024-11-11 15:19:59,040 - DEBUG - STREAM b'IDAT' 99 8192
2024-11-11 15:20:00,525 - DEBUG - STREAM b'IHDR' 16 13
2024-11-11 15:20:00,525 - DEBUG - STREAM b'cHRM' 41 32
2024-11-11 15:20:00,525 - DEBUG - STREAM b'bKGD' 85 2
2024-11-11 15:20:00,525 - DEBUG - b'bKGD' 85 2 (unknown)
2024-11-11 15:20:00,525 - DEBUG - STREAM b'pHYs' 99 9
2024-11-11 15:20:00,525 - DEBUG - STREAM b'tIME' 120 7
2024-11-11 15:20:00,525 - DEBUG - b'tIME' 120 7 (unknown)
2024-11-11 15:20:00,525 - DEBUG - STREAM b'IDAT' 139 32768
2024-11-11 15:20:00,572 - DEBUG - STREAM b'tEXt' 64897 37
2024-11-11 15:20:00,572 - DEBUG - STREAM b'tEXt' 64946 37
2024-11-11 15:20:00,572 - DEBUG - STREAM b'tEXt' 64995 40
2024-11-11 15:20:00,919 - DEBUG - STREAM b'IHDR' 16 13
2024-11-11 15:20:00,919 - DEBUG - STREAM b'IDAT' 41 65536
2024-11-11 15:20:01,357 - DEBUG - Error closing: 'Image' object has no attribute 'fp'
2024-11-11 15:20:01,602 - DEBUG - Completed processing row index: 43
2024-11-11 15:20:01,622 - DEBUG - Processing row index: 44
2024-11-11 15:20:01,626 - DEBUG - STREAM b'IHDR' 16 13
2024-11-11 15:20:01,626 - DEBUG - STREAM b'pHYs' 41 9
2024-11-11 15:20:01,626 - DEBUG - STREAM b'tEXt' 62 25
2024-11-11 15:20:01,626 - DEBUG - STREAM b'IDAT' 99 8192
2024-11-11 15:20:03,064 - DEBUG - STREAM b'IHDR' 16 13
2024-11-11 15:20:03,064 - DEBUG - STREAM b'cHRM' 41 32
2024-11-11 15:20:03,064 - DEBUG - STREAM b'bKGD' 85 2
2024-11-11 15:20:03,064 - DEBUG - b'bKGD' 85 2 (unknown)
2024-11-11 15:20:03,064 - DEBUG - STREAM b'pHYs' 99 9
2024-11-11 15:20:03,064 - DEBUG - STREAM b'tIME' 120 7
2024-11-11 15:20:03,064 - DEBUG - b'tIME' 120 7 (unknown)
2024-11-11 15:20:03,064 - DEBUG - STREAM b'IDAT' 139 32768
2024-11-11 15:20:03,122 - DEBUG - STREAM b'tEXt' 61942 37
2024-11-11 15:20:03,122 - DEBUG - STREAM b'tEXt' 61991 37
2024-11-11 15:20:03,122 - DEBUG - STREAM b'tEXt' 62040 40
2024-11-11 15:20:03,457 - DEBUG - STREAM b'IHDR' 16 13
2024-11-11 15:20:03,457 - DEBUG - STREAM b'IDAT' 41 65536
2024-11-11 15:20:03,880 - DEBUG - Error closing: 'Image' object has no attribute 'fp'
2024-11-11 15:20:04,168 - DEBUG - Completed processing row index: 44
2024-11-11 15:20:04,171 - DEBUG - Processing row index: 45
2024-11-11 15:20:04,175 - DEBUG - STREAM b'IHDR' 16 13
2024-11-11 15:20:04,175 - DEBUG - STREAM b'pHYs' 41 9
2024-11-11 15:20:04,175 - DEBUG - STREAM b'tEXt' 62 25
2024-11-11 15:20:04,175 - DEBUG - STREAM b'IDAT' 99 8192
2024-11-11 15:20:05,600 - DEBUG - STREAM b'IHDR' 16 13
2024-11-11 15:20:05,600 - DEBUG - STREAM b'cHRM' 41 32
2024-11-11 15:20:05,600 - DEBUG - STREAM b'bKGD' 85 2
2024-11-11 15:20:05,600 - DEBUG - b'bKGD' 85 2 (unknown)
2024-11-11 15:20:05,600 - DEBUG - STREAM b'pHYs' 99 9
2024-11-11 15:20:05,600 - DEBUG - STREAM b'tIME' 120 7
2024-11-11 15:20:05,600 - DEBUG - b'tIME' 120 7 (unknown)
2024-11-11 15:20:05,600 - DEBUG - STREAM b'IDAT' 139 32768
2024-11-11 15:20:05,647 - DEBUG - STREAM b'tEXt' 64741 37
2024-11-11 15:20:05,647 - DEBUG - STREAM b'tEXt' 64790 37
2024-11-11 15:20:05,647 - DEBUG - STREAM b'tEXt' 64839 40
2024-11-11 15:20:05,992 - DEBUG - STREAM b'IHDR' 16 13
2024-11-11 15:20:05,992 - DEBUG - STREAM b'IDAT' 41 65536
2024-11-11 15:20:06,432 - DEBUG - Error closing: 'Image' object has no attribute 'fp'
2024-11-11 15:20:06,689 - DEBUG - Completed processing row index: 45
2024-11-11 15:20:06,694 - DEBUG - Processing row index: 46
2024-11-11 15:20:06,700 - DEBUG - STREAM b'IHDR' 16 13
2024-11-11 15:20:06,700 - DEBUG - STREAM b'pHYs' 41 9
2024-11-11 15:20:06,700 - DEBUG - STREAM b'tEXt' 62 25
2024-11-11 15:20:06,700 - DEBUG - STREAM b'IDAT' 99 8192
2024-11-11 15:20:08,197 - DEBUG - STREAM b'IHDR' 16 13
2024-11-11 15:20:08,197 - DEBUG - STREAM b'cHRM' 41 32
2024-11-11 15:20:08,197 - DEBUG - STREAM b'bKGD' 85 2
2024-11-11 15:20:08,197 - DEBUG - b'bKGD' 85 2 (unknown)
2024-11-11 15:20:08,197 - DEBUG - STREAM b'pHYs' 99 9
2024-11-11 15:20:08,197 - DEBUG - STREAM b'tIME' 120 7
2024-11-11 15:20:08,197 - DEBUG - b'tIME' 120 7 (unknown)
2024-11-11 15:20:08,197 - DEBUG - STREAM b'IDAT' 139 32768
2024-11-11 15:20:08,244 - DEBUG - STREAM b'tEXt' 72398 37
2024-11-11 15:20:08,244 - DEBUG - STREAM b'tEXt' 72447 37
2024-11-11 15:20:08,244 - DEBUG - STREAM b'tEXt' 72496 40
2024-11-11 15:20:08,589 - DEBUG - STREAM b'IHDR' 16 13
2024-11-11 15:20:08,589 - DEBUG - STREAM b'IDAT' 41 65536
2024-11-11 15:20:09,032 - DEBUG - Error closing: 'Image' object has no attribute 'fp'
2024-11-11 15:20:09,337 - DEBUG - Completed processing row index: 46
2024-11-11 15:20:09,340 - DEBUG - Processing row index: 47
2024-11-11 15:20:09,344 - DEBUG - STREAM b'IHDR' 16 13
2024-11-11 15:20:09,344 - DEBUG - STREAM b'pHYs' 41 9
2024-11-11 15:20:09,344 - DEBUG - STREAM b'tEXt' 62 25
2024-11-11 15:20:09,344 - DEBUG - STREAM b'IDAT' 99 8192
2024-11-11 15:20:10,819 - DEBUG - STREAM b'IHDR' 16 13
2024-11-11 15:20:10,819 - DEBUG - STREAM b'cHRM' 41 32
2024-11-11 15:20:10,819 - DEBUG - STREAM b'bKGD' 85 2
2024-11-11 15:20:10,819 - DEBUG - b'bKGD' 85 2 (unknown)
2024-11-11 15:20:10,819 - DEBUG - STREAM b'pHYs' 99 9
2024-11-11 15:20:10,819 - DEBUG - STREAM b'tIME' 120 7
2024-11-11 15:20:10,819 - DEBUG - b'tIME' 120 7 (unknown)
2024-11-11 15:20:10,819 - DEBUG - STREAM b'IDAT' 139 32768
2024-11-11 15:20:10,882 - DEBUG - STREAM b'tEXt' 72519 37
2024-11-11 15:20:10,882 - DEBUG - STREAM b'tEXt' 72568 37
2024-11-11 15:20:10,882 - DEBUG - STREAM b'tEXt' 72617 40
2024-11-11 15:20:11,227 - DEBUG - STREAM b'IHDR' 16 13
2024-11-11 15:20:11,227 - DEBUG - STREAM b'IDAT' 41 65536
2024-11-11 15:20:11,667 - DEBUG - Error closing: 'Image' object has no attribute 'fp'
2024-11-11 15:20:11,943 - DEBUG - Completed processing row index: 47
